<?xml version="1.0" encoding="UTF-8"?>
<testng-results ignored="0" total="1" passed="1" failed="0" skipped="0">
  <reporter-output>
  </reporter-output>
  <suite started-at="2024-05-27T08:34:54 IST" name="Default suite" finished-at="2024-05-27T08:35:23 IST" duration-ms="28998">
    <groups>
    </groups>
    <test started-at="2024-05-27T08:34:54 IST" name="Default test" finished-at="2024-05-27T08:35:23 IST" duration-ms="28998">
      <class name="extended_report.Extended_Reprt">
        <test-method signature="script2()[pri:0, instance:extended_report.Extended_Reprt@c267ef4]" started-at="2024-05-27T08:34:54 IST" name="script2" finished-at="2024-05-27T08:35:23 IST" duration-ms="28912" status="PASS">
          <reporter-output>
          </reporter-output>
        </test-method> <!-- script2 -->
      </class> <!-- extended_report.Extended_Reprt -->
    </test> <!-- Default test -->
  </suite> <!-- Default suite -->
</testng-results>
